{"/Users/dipanwitabala/Web Development/2025/flow_board/backend/src/controllers/authController.ts": {"path":"/Users/dipanwitabala/Web Development/2025/flow_board/backend/src/controllers/authController.ts","statementMap":{"0":{"start":{"line":2,"column":0},"end":{"line":2,"column":43}},"1":{"start":{"line":3,"column":0},"end":{"line":3,"column":28}},"2":{"start":{"line":4,"column":0},"end":{"line":4,"column":20}},"3":{"start":{"line":5,"column":0},"end":{"line":5,"column":31}},"4":{"start":{"line":7,"column":23},"end":{"line":11,"column":2}},"5":{"start":{"line":13,"column":13},"end":{"line":15,"column":3}},"6":{"start":{"line":17,"column":13},"end":{"line":20,"column":3}},"7":{"start":{"line":23,"column":17},"end":{"line":23,"column":39}},"8":{"start":{"line":24,"column":2},"end":{"line":26,"column":3}},"9":{"start":{"line":25,"column":4},"end":{"line":25,"column":58}},"10":{"start":{"line":27,"column":2},"end":{"line":27,"column":16}},"11":{"start":{"line":31,"column":15},"end":{"line":31,"column":44}},"12":{"start":{"line":32,"column":2},"end":{"line":32,"column":14}},"13":{"start":{"line":35,"column":32},"end":{"line":62,"column":1}},"14":{"start":{"line":36,"column":17},"end":{"line":36,"column":49}},"15":{"start":{"line":37,"column":2},"end":{"line":41,"column":3}},"16":{"start":{"line":38,"column":4},"end":{"line":40,"column":7}},"17":{"start":{"line":43,"column":36},"end":{"line":43,"column":47}},"18":{"start":{"line":45,"column":23},"end":{"line":45,"column":44}},"19":{"start":{"line":46,"column":2},"end":{"line":50,"column":3}},"20":{"start":{"line":47,"column":4},"end":{"line":49,"column":7}},"21":{"start":{"line":52,"column":25},"end":{"line":52,"column":56}},"22":{"start":{"line":53,"column":2},"end":{"line":57,"column":5}},"23":{"start":{"line":59,"column":2},"end":{"line":61,"column":5}},"24":{"start":{"line":35,"column":13},"end":{"line":35,"column":32}},"25":{"start":{"line":64,"column":31},"end":{"line":107,"column":1}},"26":{"start":{"line":65,"column":17},"end":{"line":65,"column":48}},"27":{"start":{"line":66,"column":2},"end":{"line":70,"column":3}},"28":{"start":{"line":67,"column":4},"end":{"line":69,"column":7}},"29":{"start":{"line":72,"column":30},"end":{"line":72,"column":41}},"30":{"start":{"line":74,"column":15},"end":{"line":74,"column":36}},"31":{"start":{"line":75,"column":2},"end":{"line":79,"column":3}},"32":{"start":{"line":76,"column":4},"end":{"line":78,"column":7}},"33":{"start":{"line":81,"column":16},"end":{"line":81,"column":61}},"34":{"start":{"line":82,"column":2},"end":{"line":86,"column":3}},"35":{"start":{"line":83,"column":4},"end":{"line":85,"column":7}},"36":{"start":{"line":88,"column":16},"end":{"line":90,"column":4}},"37":{"start":{"line":92,"column":2},"end":{"line":97,"column":5}},"38":{"start":{"line":99,"column":2},"end":{"line":106,"column":5}},"39":{"start":{"line":64,"column":13},"end":{"line":64,"column":31}},"40":{"start":{"line":109,"column":28},"end":{"line":125,"column":1}},"41":{"start":{"line":110,"column":15},"end":{"line":110,"column":23}},"42":{"start":{"line":112,"column":2},"end":{"line":116,"column":3}},"43":{"start":{"line":113,"column":4},"end":{"line":115,"column":7}},"44":{"start":{"line":118,"column":2},"end":{"line":124,"column":5}},"45":{"start":{"line":109,"column":13},"end":{"line":109,"column":28}},"46":{"start":{"line":127,"column":32},"end":{"line":130,"column":1}},"47":{"start":{"line":128,"column":2},"end":{"line":128,"column":34}},"48":{"start":{"line":129,"column":2},"end":{"line":129,"column":50}},"49":{"start":{"line":127,"column":13},"end":{"line":127,"column":32}}},"fnMap":{"0":{"name":"getJwtSecret","decl":{"start":{"line":22,"column":9},"end":{"line":22,"column":21}},"loc":{"start":{"line":22,"column":21},"end":{"line":28,"column":1}}},"1":{"name":"findUser","decl":{"start":{"line":30,"column":15},"end":{"line":30,"column":23}},"loc":{"start":{"line":30,"column":37},"end":{"line":33,"column":1}}},"2":{"name":"(anonymous_3)","decl":{"start":{"line":35,"column":32},"end":{"line":35,"column":37}},"loc":{"start":{"line":35,"column":70},"end":{"line":62,"column":1}}},"3":{"name":"(anonymous_4)","decl":{"start":{"line":64,"column":31},"end":{"line":64,"column":36}},"loc":{"start":{"line":64,"column":69},"end":{"line":107,"column":1}}},"4":{"name":"(anonymous_5)","decl":{"start":{"line":109,"column":28},"end":{"line":109,"column":33}},"loc":{"start":{"line":109,"column":66},"end":{"line":125,"column":1}}},"5":{"name":"(anonymous_6)","decl":{"start":{"line":127,"column":32},"end":{"line":127,"column":37}},"loc":{"start":{"line":127,"column":70},"end":{"line":130,"column":1}}}},"branchMap":{"0":{"loc":{"start":{"line":24,"column":2},"end":{"line":26,"column":3}},"type":"if","locations":[{"start":{"line":24,"column":2},"end":{"line":26,"column":3}},{"start":{},"end":{}}]},"1":{"loc":{"start":{"line":37,"column":2},"end":{"line":41,"column":3}},"type":"if","locations":[{"start":{"line":37,"column":2},"end":{"line":41,"column":3}},{"start":{},"end":{}}]},"2":{"loc":{"start":{"line":46,"column":2},"end":{"line":50,"column":3}},"type":"if","locations":[{"start":{"line":46,"column":2},"end":{"line":50,"column":3}},{"start":{},"end":{}}]},"3":{"loc":{"start":{"line":66,"column":2},"end":{"line":70,"column":3}},"type":"if","locations":[{"start":{"line":66,"column":2},"end":{"line":70,"column":3}},{"start":{},"end":{}}]},"4":{"loc":{"start":{"line":75,"column":2},"end":{"line":79,"column":3}},"type":"if","locations":[{"start":{"line":75,"column":2},"end":{"line":79,"column":3}},{"start":{},"end":{}}]},"5":{"loc":{"start":{"line":82,"column":2},"end":{"line":86,"column":3}},"type":"if","locations":[{"start":{"line":82,"column":2},"end":{"line":86,"column":3}},{"start":{},"end":{}}]},"6":{"loc":{"start":{"line":112,"column":2},"end":{"line":116,"column":3}},"type":"if","locations":[{"start":{"line":112,"column":2},"end":{"line":116,"column":3}},{"start":{},"end":{}}]}},"s":{"0":2,"1":2,"2":2,"3":2,"4":2,"5":2,"6":2,"7":2,"8":2,"9":0,"10":2,"11":5,"12":5,"13":2,"14":3,"15":3,"16":1,"17":2,"18":2,"19":2,"20":1,"21":1,"22":1,"23":1,"24":2,"25":2,"26":3,"27":3,"28":0,"29":3,"30":3,"31":3,"32":1,"33":2,"34":2,"35":0,"36":2,"37":2,"38":2,"39":2,"40":2,"41":1,"42":1,"43":1,"44":0,"45":2,"46":2,"47":1,"48":1,"49":2},"f":{"0":2,"1":5,"2":3,"3":3,"4":1,"5":1},"b":{"0":[0,2],"1":[1,2],"2":[1,1],"3":[0,3],"4":[1,2],"5":[0,2],"6":[1,0]}}
,"/Users/dipanwitabala/Web Development/2025/flow_board/backend/src/controllers/taskController.ts": {"path":"/Users/dipanwitabala/Web Development/2025/flow_board/backend/src/controllers/taskController.ts","statementMap":{"0":{"start":{"line":38,"column":0},"end":{"line":38,"column":7}},"1":{"start":{"line":68,"column":0},"end":{"line":68,"column":7}},"2":{"start":{"line":106,"column":0},"end":{"line":106,"column":7}},"3":{"start":{"line":152,"column":0},"end":{"line":152,"column":7}},"4":{"start":{"line":2,"column":0},"end":{"line":2,"column":20}},"5":{"start":{"line":3,"column":0},"end":{"line":3,"column":43}},"6":{"start":{"line":4,"column":0},"end":{"line":4,"column":43}},"7":{"start":{"line":5,"column":0},"end":{"line":5,"column":49}},"8":{"start":{"line":7,"column":31},"end":{"line":7,"column":33}},"9":{"start":{"line":10,"column":2},"end":{"line":10,"column":27}},"10":{"start":{"line":14,"column":2},"end":{"line":16,"column":3}},"11":{"start":{"line":15,"column":4},"end":{"line":15,"column":11}},"12":{"start":{"line":18,"column":2},"end":{"line":22,"column":3}},"13":{"start":{"line":19,"column":4},"end":{"line":19,"column":52}},"14":{"start":{"line":21,"column":4},"end":{"line":21,"column":61}},"15":{"start":{"line":25,"column":25},"end":{"line":30,"column":2}},"16":{"start":{"line":32,"column":25},"end":{"line":36,"column":4}},"17":{"start":{"line":34,"column":20},"end":{"line":34,"column":48}},"18":{"start":{"line":39,"column":15},"end":{"line":39,"column":23}},"19":{"start":{"line":40,"column":2},"end":{"line":42,"column":3}},"20":{"start":{"line":41,"column":4},"end":{"line":41,"column":61}},"21":{"start":{"line":44,"column":17},"end":{"line":44,"column":53}},"22":{"start":{"line":45,"column":2},"end":{"line":47,"column":3}},"23":{"start":{"line":46,"column":4},"end":{"line":46,"column":69}},"24":{"start":{"line":49,"column":2},"end":{"line":65,"column":3}},"25":{"start":{"line":50,"column":17},"end":{"line":53,"column":6}},"26":{"start":{"line":54,"column":4},"end":{"line":54,"column":39}},"27":{"start":{"line":56,"column":4},"end":{"line":59,"column":7}},"28":{"start":{"line":61,"column":4},"end":{"line":61,"column":25}},"29":{"start":{"line":62,"column":4},"end":{"line":64,"column":7}},"30":{"start":{"line":69,"column":15},"end":{"line":69,"column":23}},"31":{"start":{"line":70,"column":2},"end":{"line":72,"column":3}},"32":{"start":{"line":71,"column":4},"end":{"line":71,"column":61}},"33":{"start":{"line":74,"column":2},"end":{"line":103,"column":3}},"34":{"start":{"line":75,"column":21},"end":{"line":75,"column":46}},"35":{"start":{"line":76,"column":4},"end":{"line":85,"column":5}},"36":{"start":{"line":77,"column":26},"end":{"line":77,"column":57}},"37":{"start":{"line":79,"column":6},"end":{"line":84,"column":7}},"38":{"start":{"line":80,"column":8},"end":{"line":83,"column":11}},"39":{"start":{"line":87,"column":18},"end":{"line":89,"column":13}},"40":{"start":{"line":91,"column":4},"end":{"line":95,"column":5}},"41":{"start":{"line":92,"column":6},"end":{"line":94,"column":9}},"42":{"start":{"line":97,"column":4},"end":{"line":97,"column":43}},"43":{"start":{"line":99,"column":4},"end":{"line":99,"column":25}},"44":{"start":{"line":100,"column":4},"end":{"line":102,"column":7}},"45":{"start":{"line":107,"column":17},"end":{"line":107,"column":30}},"46":{"start":{"line":108,"column":15},"end":{"line":108,"column":23}},"47":{"start":{"line":110,"column":2},"end":{"line":112,"column":3}},"48":{"start":{"line":111,"column":4},"end":{"line":111,"column":61}},"49":{"start":{"line":114,"column":2},"end":{"line":116,"column":3}},"50":{"start":{"line":115,"column":4},"end":{"line":115,"column":68}},"51":{"start":{"line":117,"column":2},"end":{"line":119,"column":3}},"52":{"start":{"line":118,"column":4},"end":{"line":118,"column":64}},"53":{"start":{"line":121,"column":17},"end":{"line":121,"column":53}},"54":{"start":{"line":122,"column":2},"end":{"line":124,"column":3}},"55":{"start":{"line":123,"column":4},"end":{"line":123,"column":69}},"56":{"start":{"line":126,"column":2},"end":{"line":149,"column":3}},"57":{"start":{"line":127,"column":17},"end":{"line":130,"column":null}},"58":{"start":{"line":133,"column":4},"end":{"line":137,"column":5}},"59":{"start":{"line":134,"column":6},"end":{"line":136,"column":9}},"60":{"start":{"line":138,"column":4},"end":{"line":138,"column":39}},"61":{"start":{"line":140,"column":4},"end":{"line":143,"column":7}},"62":{"start":{"line":145,"column":4},"end":{"line":145,"column":25}},"63":{"start":{"line":146,"column":4},"end":{"line":148,"column":7}},"64":{"start":{"line":153,"column":17},"end":{"line":153,"column":30}},"65":{"start":{"line":154,"column":15},"end":{"line":154,"column":23}},"66":{"start":{"line":156,"column":2},"end":{"line":158,"column":3}},"67":{"start":{"line":157,"column":4},"end":{"line":157,"column":61}},"68":{"start":{"line":160,"column":2},"end":{"line":162,"column":3}},"69":{"start":{"line":161,"column":4},"end":{"line":161,"column":68}},"70":{"start":{"line":163,"column":2},"end":{"line":165,"column":3}},"71":{"start":{"line":164,"column":4},"end":{"line":164,"column":64}},"72":{"start":{"line":167,"column":2},"end":{"line":188,"column":3}},"73":{"start":{"line":168,"column":24},"end":{"line":171,"column":6}},"74":{"start":{"line":173,"column":4},"end":{"line":177,"column":5}},"75":{"start":{"line":174,"column":6},"end":{"line":176,"column":9}},"76":{"start":{"line":178,"column":4},"end":{"line":178,"column":39}},"77":{"start":{"line":180,"column":4},"end":{"line":182,"column":7}},"78":{"start":{"line":184,"column":4},"end":{"line":184,"column":25}},"79":{"start":{"line":185,"column":4},"end":{"line":187,"column":7}}},"fnMap":{"0":{"name":"getTasksCacheKey","decl":{"start":{"line":9,"column":9},"end":{"line":9,"column":25}},"loc":{"start":{"line":9,"column":40},"end":{"line":11,"column":1}}},"1":{"name":"invalidateTaskCache","decl":{"start":{"line":13,"column":15},"end":{"line":13,"column":34}},"loc":{"start":{"line":13,"column":49},"end":{"line":23,"column":1}}},"2":{"name":"(anonymous_3)","decl":{"start":{"line":34,"column":10},"end":{"line":34,"column":11}},"loc":{"start":{"line":34,"column":20},"end":{"line":34,"column":48}}},"3":{"name":"addTask","decl":{"start":{"line":38,"column":22},"end":{"line":38,"column":29}},"loc":{"start":{"line":38,"column":57},"end":{"line":66,"column":1}}},"4":{"name":"getAllTask","decl":{"start":{"line":68,"column":22},"end":{"line":68,"column":32}},"loc":{"start":{"line":68,"column":60},"end":{"line":104,"column":1}}},"5":{"name":"updateTask","decl":{"start":{"line":106,"column":22},"end":{"line":106,"column":32}},"loc":{"start":{"line":106,"column":60},"end":{"line":150,"column":1}}},"6":{"name":"deleteTask","decl":{"start":{"line":152,"column":22},"end":{"line":152,"column":32}},"loc":{"start":{"line":152,"column":60},"end":{"line":189,"column":1}}}},"branchMap":{"0":{"loc":{"start":{"line":14,"column":2},"end":{"line":16,"column":3}},"type":"if","locations":[{"start":{"line":14,"column":2},"end":{"line":16,"column":3}},{"start":{},"end":{}}]},"1":{"loc":{"start":{"line":40,"column":2},"end":{"line":42,"column":3}},"type":"if","locations":[{"start":{"line":40,"column":2},"end":{"line":42,"column":3}},{"start":{},"end":{}}]},"2":{"loc":{"start":{"line":45,"column":2},"end":{"line":47,"column":3}},"type":"if","locations":[{"start":{"line":45,"column":2},"end":{"line":47,"column":3}},{"start":{},"end":{}}]},"3":{"loc":{"start":{"line":70,"column":2},"end":{"line":72,"column":3}},"type":"if","locations":[{"start":{"line":70,"column":2},"end":{"line":72,"column":3}},{"start":{},"end":{}}]},"4":{"loc":{"start":{"line":76,"column":4},"end":{"line":85,"column":5}},"type":"if","locations":[{"start":{"line":76,"column":4},"end":{"line":85,"column":5}},{"start":{},"end":{}}]},"5":{"loc":{"start":{"line":79,"column":6},"end":{"line":84,"column":7}},"type":"if","locations":[{"start":{"line":79,"column":6},"end":{"line":84,"column":7}},{"start":{},"end":{}}]},"6":{"loc":{"start":{"line":91,"column":4},"end":{"line":95,"column":5}},"type":"if","locations":[{"start":{"line":91,"column":4},"end":{"line":95,"column":5}},{"start":{},"end":{}}]},"7":{"loc":{"start":{"line":110,"column":2},"end":{"line":112,"column":3}},"type":"if","locations":[{"start":{"line":110,"column":2},"end":{"line":112,"column":3}},{"start":{},"end":{}}]},"8":{"loc":{"start":{"line":114,"column":2},"end":{"line":116,"column":3}},"type":"if","locations":[{"start":{"line":114,"column":2},"end":{"line":116,"column":3}},{"start":{},"end":{}}]},"9":{"loc":{"start":{"line":117,"column":2},"end":{"line":119,"column":3}},"type":"if","locations":[{"start":{"line":117,"column":2},"end":{"line":119,"column":3}},{"start":{},"end":{}}]},"10":{"loc":{"start":{"line":122,"column":2},"end":{"line":124,"column":3}},"type":"if","locations":[{"start":{"line":122,"column":2},"end":{"line":124,"column":3}},{"start":{},"end":{}}]},"11":{"loc":{"start":{"line":133,"column":4},"end":{"line":137,"column":5}},"type":"if","locations":[{"start":{"line":133,"column":4},"end":{"line":137,"column":5}},{"start":{},"end":{}}]},"12":{"loc":{"start":{"line":156,"column":2},"end":{"line":158,"column":3}},"type":"if","locations":[{"start":{"line":156,"column":2},"end":{"line":158,"column":3}},{"start":{},"end":{}}]},"13":{"loc":{"start":{"line":160,"column":2},"end":{"line":162,"column":3}},"type":"if","locations":[{"start":{"line":160,"column":2},"end":{"line":162,"column":3}},{"start":{},"end":{}}]},"14":{"loc":{"start":{"line":163,"column":2},"end":{"line":165,"column":3}},"type":"if","locations":[{"start":{"line":163,"column":2},"end":{"line":165,"column":3}},{"start":{},"end":{}}]},"15":{"loc":{"start":{"line":173,"column":4},"end":{"line":177,"column":5}},"type":"if","locations":[{"start":{"line":173,"column":4},"end":{"line":177,"column":5}},{"start":{},"end":{}}]}},"s":{"0":2,"1":2,"2":2,"3":2,"4":2,"5":2,"6":2,"7":2,"8":2,"9":6,"10":3,"11":0,"12":3,"13":3,"14":0,"15":2,"16":2,"17":1,"18":3,"19":3,"20":1,"21":2,"22":2,"23":1,"24":1,"25":1,"26":1,"27":1,"28":0,"29":0,"30":3,"31":3,"32":0,"33":3,"34":3,"35":3,"36":3,"37":3,"38":2,"39":1,"40":1,"41":1,"42":1,"43":0,"44":0,"45":2,"46":2,"47":2,"48":0,"49":2,"50":0,"51":2,"52":1,"53":1,"54":1,"55":0,"56":1,"57":1,"58":1,"59":0,"60":1,"61":1,"62":0,"63":0,"64":2,"65":2,"66":2,"67":0,"68":2,"69":0,"70":2,"71":1,"72":1,"73":1,"74":1,"75":0,"76":1,"77":1,"78":0,"79":0},"f":{"0":6,"1":3,"2":1,"3":3,"4":3,"5":2,"6":2},"b":{"0":[0,3],"1":[1,2],"2":[1,1],"3":[0,3],"4":[3,0],"5":[2,1],"6":[1,0],"7":[0,2],"8":[0,2],"9":[1,1],"10":[0,1],"11":[0,1],"12":[0,2],"13":[0,2],"14":[1,1],"15":[0,1]}}
,"/Users/dipanwitabala/Web Development/2025/flow_board/backend/src/middleware/auth.ts": {"path":"/Users/dipanwitabala/Web Development/2025/flow_board/backend/src/middleware/auth.ts","statementMap":{"0":{"start":{"line":2,"column":0},"end":{"line":2,"column":31}},"1":{"start":{"line":3,"column":0},"end":{"line":3,"column":43}},"2":{"start":{"line":10,"column":17},"end":{"line":10,"column":39}},"3":{"start":{"line":11,"column":2},"end":{"line":13,"column":3}},"4":{"start":{"line":12,"column":4},"end":{"line":12,"column":58}},"5":{"start":{"line":14,"column":2},"end":{"line":14,"column":16}},"6":{"start":{"line":17,"column":27},"end":{"line":51,"column":1}},"7":{"start":{"line":22,"column":16},"end":{"line":22,"column":41}},"8":{"start":{"line":24,"column":2},"end":{"line":28,"column":3}},"9":{"start":{"line":25,"column":4},"end":{"line":27,"column":7}},"10":{"start":{"line":29,"column":2},"end":{"line":50,"column":3}},"11":{"start":{"line":30,"column":20},"end":{"line":30,"column":67}},"12":{"start":{"line":31,"column":17},"end":{"line":31,"column":48}},"13":{"start":{"line":32,"column":4},"end":{"line":36,"column":5}},"14":{"start":{"line":33,"column":6},"end":{"line":35,"column":9}},"15":{"start":{"line":38,"column":4},"end":{"line":42,"column":6}},"16":{"start":{"line":44,"column":4},"end":{"line":44,"column":11}},"17":{"start":{"line":46,"column":4},"end":{"line":46,"column":21}},"18":{"start":{"line":47,"column":4},"end":{"line":49,"column":7}},"19":{"start":{"line":17,"column":13},"end":{"line":17,"column":27}}},"fnMap":{"0":{"name":"getJwtSecret","decl":{"start":{"line":9,"column":9},"end":{"line":9,"column":21}},"loc":{"start":{"line":9,"column":21},"end":{"line":15,"column":1}}},"1":{"name":"(anonymous_2)","decl":{"start":{"line":17,"column":27},"end":{"line":17,"column":32}},"loc":{"start":{"line":21,"column":4},"end":{"line":51,"column":1}}}},"branchMap":{"0":{"loc":{"start":{"line":11,"column":2},"end":{"line":13,"column":3}},"type":"if","locations":[{"start":{"line":11,"column":2},"end":{"line":13,"column":3}},{"start":{},"end":{}}]},"1":{"loc":{"start":{"line":24,"column":2},"end":{"line":28,"column":3}},"type":"if","locations":[{"start":{"line":24,"column":2},"end":{"line":28,"column":3}},{"start":{},"end":{}}]},"2":{"loc":{"start":{"line":32,"column":4},"end":{"line":36,"column":5}},"type":"if","locations":[{"start":{"line":32,"column":4},"end":{"line":36,"column":5}},{"start":{},"end":{}}]}},"s":{"0":1,"1":1,"2":5,"3":5,"4":0,"5":5,"6":1,"7":5,"8":5,"9":0,"10":5,"11":5,"12":5,"13":5,"14":0,"15":5,"16":5,"17":0,"18":0,"19":1},"f":{"0":5,"1":5},"b":{"0":[0,5],"1":[0,5],"2":[0,5]}}
,"/Users/dipanwitabala/Web Development/2025/flow_board/backend/src/models/taskSchema.ts": {"path":"/Users/dipanwitabala/Web Development/2025/flow_board/backend/src/models/taskSchema.ts","statementMap":{"0":{"start":{"line":1,"column":0},"end":{"line":1,"column":41}},"1":{"start":{"line":3,"column":19},"end":{"line":34,"column":null}},"2":{"start":{"line":37,"column":0},"end":{"line":37,"column":42}},"3":{"start":{"line":39,"column":13},"end":{"line":39,"column":38}},"4":{"start":{"line":40,"column":0},"end":{"line":40,"column":20}}},"fnMap":{},"branchMap":{},"s":{"0":2,"1":2,"2":2,"3":2,"4":2},"f":{},"b":{}}
,"/Users/dipanwitabala/Web Development/2025/flow_board/backend/src/models/userSchema.ts": {"path":"/Users/dipanwitabala/Web Development/2025/flow_board/backend/src/models/userSchema.ts","statementMap":{"0":{"start":{"line":1,"column":0},"end":{"line":1,"column":41}},"1":{"start":{"line":3,"column":19},"end":{"line":24,"column":null}},"2":{"start":{"line":27,"column":13},"end":{"line":27,"column":38}},"3":{"start":{"line":28,"column":0},"end":{"line":28,"column":20}}},"fnMap":{},"branchMap":{},"s":{"0":2,"1":2,"2":2,"3":2},"f":{},"b":{}}
,"/Users/dipanwitabala/Web Development/2025/flow_board/backend/src/routes/auth.ts": {"path":"/Users/dipanwitabala/Web Development/2025/flow_board/backend/src/routes/auth.ts","statementMap":{"0":{"start":{"line":1,"column":0},"end":{"line":1,"column":31}},"1":{"start":{"line":2,"column":0},"end":{"line":2,"column":115}},"2":{"start":{"line":3,"column":0},"end":{"line":3,"column":50}},"3":{"start":{"line":5,"column":19},"end":{"line":5,"column":27}},"4":{"start":{"line":7,"column":0},"end":{"line":7,"column":45}},"5":{"start":{"line":8,"column":0},"end":{"line":8,"column":43}},"6":{"start":{"line":9,"column":0},"end":{"line":9,"column":28}},"7":{"start":{"line":10,"column":0},"end":{"line":10,"column":45}},"8":{"start":{"line":11,"column":0},"end":{"line":11,"column":null}},"9":{"start":{"line":16,"column":0},"end":{"line":16,"column":26}}},"fnMap":{},"branchMap":{},"s":{"0":1,"1":1,"2":1,"3":1,"4":1,"5":1,"6":1,"7":1,"8":1,"9":1},"f":{},"b":{}}
,"/Users/dipanwitabala/Web Development/2025/flow_board/backend/src/routes/task.ts": {"path":"/Users/dipanwitabala/Web Development/2025/flow_board/backend/src/routes/task.ts","statementMap":{"0":{"start":{"line":1,"column":0},"end":{"line":1,"column":31}},"1":{"start":{"line":2,"column":0},"end":{"line":2,"column":93}},"2":{"start":{"line":3,"column":0},"end":{"line":3,"column":50}},"3":{"start":{"line":5,"column":19},"end":{"line":5,"column":27}},"4":{"start":{"line":7,"column":0},"end":{"line":7,"column":28}},"5":{"start":{"line":9,"column":0},"end":{"line":9,"column":30}},"6":{"start":{"line":10,"column":0},"end":{"line":10,"column":32}},"7":{"start":{"line":11,"column":0},"end":{"line":11,"column":35}},"8":{"start":{"line":12,"column":0},"end":{"line":12,"column":38}},"9":{"start":{"line":15,"column":0},"end":{"line":15,"column":26}}},"fnMap":{},"branchMap":{},"s":{"0":1,"1":1,"2":1,"3":1,"4":1,"5":1,"6":1,"7":1,"8":1,"9":1},"f":{},"b":{}}
}
