TN:
SF:src/app.ts
FNF:0
FNH:0
DA:1,1
DA:2,1
DA:3,1
DA:4,1
DA:5,1
DA:6,1
DA:8,1
DA:11,1
DA:13,1
DA:15,1
DA:16,1
DA:17,1
DA:24,1
DA:25,1
DA:27,1
LF:15
LH:15
BRDA:11,0,0,1
BRDA:11,0,1,0
BRF:2
BRH:1
end_of_record
TN:
SF:src/controllers/authController.ts
FN:22,getJwtSecret
FN:30,findUser
FN:35,(anonymous_3)
FN:64,(anonymous_4)
FN:109,(anonymous_5)
FN:127,(anonymous_6)
FNF:6
FNH:4
FNDA:1,getJwtSecret
FNDA:2,findUser
FNDA:1,(anonymous_3)
FNDA:2,(anonymous_4)
FNDA:0,(anonymous_5)
FNDA:0,(anonymous_6)
DA:2,2
DA:3,2
DA:4,2
DA:5,2
DA:7,2
DA:13,2
DA:17,2
DA:23,1
DA:24,1
DA:25,0
DA:27,1
DA:31,2
DA:32,2
DA:35,2
DA:36,1
DA:37,1
DA:38,1
DA:43,0
DA:45,0
DA:46,0
DA:47,0
DA:52,0
DA:53,0
DA:59,0
DA:64,2
DA:65,2
DA:66,2
DA:67,0
DA:72,2
DA:74,2
DA:75,2
DA:76,1
DA:81,1
DA:82,1
DA:83,0
DA:88,1
DA:92,1
DA:99,1
DA:109,2
DA:110,0
DA:112,0
DA:113,0
DA:118,0
DA:127,2
DA:128,0
DA:129,0
LF:46
LH:30
BRDA:24,0,0,0
BRDA:24,0,1,1
BRDA:37,1,0,1
BRDA:37,1,1,0
BRDA:46,2,0,0
BRDA:46,2,1,0
BRDA:66,3,0,0
BRDA:66,3,1,2
BRDA:75,4,0,1
BRDA:75,4,1,1
BRDA:82,5,0,0
BRDA:82,5,1,1
BRDA:112,6,0,0
BRDA:112,6,1,0
BRF:14
BRH:6
end_of_record
TN:
SF:src/controllers/taskController.ts
FN:9,getTasksCacheKey
FN:13,invalidateTaskCache
FN:34,(anonymous_3)
FN:38,addTask
FN:68,getAllTask
FN:106,updateTask
FN:152,deleteTask
FNF:7
FNH:5
FNDA:0,getTasksCacheKey
FNDA:2,invalidateTaskCache
FNDA:1,(anonymous_3)
FNDA:2,addTask
FNDA:0,getAllTask
FNDA:1,updateTask
FNDA:1,deleteTask
DA:2,2
DA:3,2
DA:4,2
DA:5,2
DA:7,2
DA:10,0
DA:14,2
DA:15,2
DA:18,0
DA:19,0
DA:21,0
DA:25,2
DA:32,2
DA:34,1
DA:38,2
DA:39,2
DA:40,2
DA:41,1
DA:44,1
DA:45,1
DA:46,0
DA:49,1
DA:50,1
DA:54,1
DA:56,1
DA:61,0
DA:62,0
DA:68,2
DA:69,0
DA:70,0
DA:71,0
DA:74,0
DA:75,0
DA:76,0
DA:77,0
DA:79,0
DA:80,0
DA:87,0
DA:91,0
DA:92,0
DA:97,0
DA:99,0
DA:100,0
DA:106,2
DA:107,1
DA:108,1
DA:110,1
DA:111,0
DA:114,1
DA:115,0
DA:117,1
DA:118,0
DA:121,1
DA:122,1
DA:123,0
DA:126,1
DA:127,1
DA:133,1
DA:134,1
DA:138,0
DA:140,0
DA:145,0
DA:146,0
DA:152,2
DA:153,1
DA:154,1
DA:156,1
DA:157,0
DA:160,1
DA:161,0
DA:163,1
DA:164,0
DA:167,1
DA:168,1
DA:173,1
DA:174,0
DA:178,1
DA:180,1
DA:184,0
DA:185,0
LF:80
LH:44
BRDA:14,0,0,2
BRDA:14,0,1,0
BRDA:40,1,0,1
BRDA:40,1,1,1
BRDA:45,2,0,0
BRDA:45,2,1,1
BRDA:70,3,0,0
BRDA:70,3,1,0
BRDA:76,4,0,0
BRDA:76,4,1,0
BRDA:79,5,0,0
BRDA:79,5,1,0
BRDA:91,6,0,0
BRDA:91,6,1,0
BRDA:110,7,0,0
BRDA:110,7,1,1
BRDA:114,8,0,0
BRDA:114,8,1,1
BRDA:117,9,0,0
BRDA:117,9,1,1
BRDA:122,10,0,0
BRDA:122,10,1,1
BRDA:133,11,0,1
BRDA:133,11,1,0
BRDA:156,12,0,0
BRDA:156,12,1,1
BRDA:160,13,0,0
BRDA:160,13,1,1
BRDA:163,14,0,0
BRDA:163,14,1,1
BRDA:173,15,0,0
BRDA:173,15,1,1
BRF:32
BRH:13
end_of_record
TN:
SF:src/middleware/auth.ts
FN:9,getJwtSecret
FN:17,(anonymous_2)
FNF:2
FNH:0
FNDA:0,getJwtSecret
FNDA:0,(anonymous_2)
DA:2,1
DA:3,1
DA:10,0
DA:11,0
DA:12,0
DA:14,0
DA:17,1
DA:22,0
DA:24,0
DA:25,0
DA:29,0
DA:30,0
DA:31,0
DA:32,0
DA:33,0
DA:38,0
DA:44,0
DA:46,0
DA:47,0
LF:19
LH:3
BRDA:11,0,0,0
BRDA:11,0,1,0
BRDA:24,1,0,0
BRDA:24,1,1,0
BRDA:32,2,0,0
BRDA:32,2,1,0
BRF:6
BRH:0
end_of_record
TN:
SF:src/models/taskSchema.ts
FNF:0
FNH:0
DA:1,2
DA:3,2
DA:37,2
DA:39,2
DA:40,2
LF:5
LH:5
BRF:0
BRH:0
end_of_record
TN:
SF:src/models/userSchema.ts
FNF:0
FNH:0
DA:1,2
DA:3,2
DA:27,2
DA:28,2
LF:4
LH:4
BRF:0
BRH:0
end_of_record
TN:
SF:src/routes/auth.ts
FNF:0
FNH:0
DA:1,1
DA:2,1
DA:3,1
DA:5,1
DA:7,1
DA:8,1
DA:9,1
DA:10,1
DA:11,1
DA:16,1
LF:10
LH:10
BRF:0
BRH:0
end_of_record
TN:
SF:src/routes/task.ts
FNF:0
FNH:0
DA:1,1
DA:2,1
DA:3,1
DA:5,1
DA:7,1
DA:9,1
DA:10,1
DA:11,1
DA:12,1
DA:15,1
LF:10
LH:10
BRF:0
BRH:0
end_of_record
TN:
SF:tests/mocks/redisClient.ts
FN:8,(anonymous_1)
FN:9,(anonymous_2)
FN:10,(anonymous_3)
FN:19,resetRedisMock
FNF:4
FNH:1
FNDA:0,(anonymous_1)
FNDA:0,(anonymous_2)
FNDA:0,(anonymous_3)
FNDA:3,resetRedisMock
DA:1,1
DA:2,1
DA:4,1
DA:6,1
DA:8,0
DA:9,0
DA:10,0
DA:16,1
DA:17,1
DA:19,1
DA:20,3
DA:21,3
DA:22,3
DA:23,3
LF:14
LH:11
BRF:0
BRH:0
end_of_record
